[INFO] [2019-05-03 16:39:25][org.springframework.web.servlet.DispatcherServlet]FrameworkServlet 'SpringMVC': initialization started
 [INFO] [2019-05-03 16:39:25][org.springframework.web.context.support.XmlWebApplicationContext]Refreshing WebApplicationContext for namespace 'SpringMVC-servlet': startup date [Fri May 03 16:39:25 CST 2019]; root of context hierarchy
 [INFO] [2019-05-03 16:39:25][org.springframework.beans.factory.xml.XmlBeanDefinitionReader]Loading XML bean definitions from class path resource [spring-mvc.xml]
 [INFO] [2019-05-03 16:39:25][org.springframework.beans.factory.annotation.AutowiredAnnotationBeanPostProcessor]JSR-330 'javax.inject.Inject' annotation found and supported for autowiring
 [INFO] [2019-05-03 16:39:26][org.springframework.web.servlet.mvc.method.annotation.RequestMappingHandlerMapping]Mapped "{[/user/test],methods=[GET],params=[],headers=[],consumes=[],produces=[],custom=[]}" onto public java.lang.String com.javen.controller.UserController.test(javax.servlet.http.HttpServletRequest,org.springframework.ui.Model)
 [INFO] [2019-05-03 16:39:26][org.springframework.web.servlet.handler.SimpleUrlHandlerMapping]Mapped URL path [/resources] onto handler 'org.springframework.web.servlet.resource.ResourceHttpRequestHandler#0'
 [INFO] [2019-05-03 16:39:26][org.springframework.web.servlet.DispatcherServlet]FrameworkServlet 'SpringMVC': initialization completed in 1655 ms
 [INFO] [2019-05-03 16:40:13][org.springframework.web.servlet.DispatcherServlet]FrameworkServlet 'SpringMVC': initialization started
 [INFO] [2019-05-03 16:40:14][org.springframework.web.context.support.XmlWebApplicationContext]Refreshing WebApplicationContext for namespace 'SpringMVC-servlet': startup date [Fri May 03 16:40:14 CST 2019]; root of context hierarchy
 [INFO] [2019-05-03 16:40:14][org.springframework.beans.factory.xml.XmlBeanDefinitionReader]Loading XML bean definitions from class path resource [spring-mvc.xml]
 [INFO] [2019-05-03 16:40:14][org.springframework.beans.factory.annotation.AutowiredAnnotationBeanPostProcessor]JSR-330 'javax.inject.Inject' annotation found and supported for autowiring
 [INFO] [2019-05-03 16:40:14][org.springframework.web.servlet.mvc.method.annotation.RequestMappingHandlerMapping]Mapped "{[/user/test],methods=[GET],params=[],headers=[],consumes=[],produces=[],custom=[]}" onto public java.lang.String com.javen.controller.UserController.test(javax.servlet.http.HttpServletRequest,org.springframework.ui.Model)
 [INFO] [2019-05-03 16:40:14][org.springframework.web.servlet.handler.SimpleUrlHandlerMapping]Mapped URL path [/resources] onto handler 'org.springframework.web.servlet.resource.ResourceHttpRequestHandler#0'
 [INFO] [2019-05-03 16:40:15][org.springframework.web.servlet.DispatcherServlet]FrameworkServlet 'SpringMVC': initialization completed in 1003 ms
 [INFO] [2019-05-03 16:43:54][org.springframework.web.servlet.DispatcherServlet]FrameworkServlet 'SpringMVC': initialization started
 [INFO] [2019-05-03 16:43:54][org.springframework.web.context.support.XmlWebApplicationContext]Refreshing WebApplicationContext for namespace 'SpringMVC-servlet': startup date [Fri May 03 16:43:54 CST 2019]; root of context hierarchy
 [INFO] [2019-05-03 16:43:54][org.springframework.beans.factory.xml.XmlBeanDefinitionReader]Loading XML bean definitions from class path resource [spring-mvc.xml]
 [INFO] [2019-05-03 16:43:55][org.springframework.beans.factory.annotation.AutowiredAnnotationBeanPostProcessor]JSR-330 'javax.inject.Inject' annotation found and supported for autowiring
 [INFO] [2019-05-03 16:43:55][org.springframework.web.servlet.mvc.method.annotation.RequestMappingHandlerMapping]Mapped "{[/user/test],methods=[GET],params=[],headers=[],consumes=[],produces=[],custom=[]}" onto public java.lang.String com.javen.controller.UserController.test(javax.servlet.http.HttpServletRequest,org.springframework.ui.Model)
 [INFO] [2019-05-03 16:43:55][org.springframework.web.servlet.handler.SimpleUrlHandlerMapping]Mapped URL path [/resources] onto handler 'org.springframework.web.servlet.resource.ResourceHttpRequestHandler#0'
 [INFO] [2019-05-03 16:43:55][org.springframework.web.servlet.DispatcherServlet]FrameworkServlet 'SpringMVC': initialization completed in 1111 ms
 